<?xml version="1.0" encoding="UTF-8"?>
<!-- Generated by org.testng.reporters.JUnitReportReporter -->
<testsuite hostname="HP" failures="0" tests="2" name="web.tests.LoginTest" time="27.780" errors="0" timestamp="2024-08-16T16:00:10 BDT" skipped="0">
  <testcase classname="web.tests.LoginTest" name="loginIntoShop" time="22.185"/>
  <testcase classname="web.tests.LoginTest" name="product" time="5.595"/>
</testsuite> <!-- web.tests.LoginTest -->
